This file contains any messages produced by compilers while
running configure, to aid debugging if configure makes a mistake.

It was created by darkside configure 0.0.1, which was
generated by GNU Autoconf 2.63.  Invocation command line was

  $ ./configure 

## --------- ##
## Platform. ##
## --------- ##

hostname = snmp1
uname -m = x86_64
uname -r = 2.6.32-431.el6.x86_64
uname -s = Linux
uname -v = #1 SMP Sun Nov 10 22:19:54 EST 2013

/usr/bin/uname -p = unknown
/bin/uname -X     = unknown

/bin/arch              = x86_64
/usr/bin/arch -k       = unknown
/usr/convex/getsysinfo = unknown
/usr/bin/hostinfo      = unknown
/bin/machine           = unknown
/usr/bin/oslevel       = unknown
/bin/universe          = unknown

PATH: /usr/lib64/qt-3.3/bin
PATH: /usr/local/sbin
PATH: /usr/local/bin
PATH: /sbin
PATH: /bin
PATH: /usr/sbin
PATH: /usr/bin
PATH: /root/bin


## ----------- ##
## Core tests. ##
## ----------- ##

configure:2067: checking for a BSD-compatible install
configure:2135: result: /usr/bin/install -c
configure:2146: checking whether build environment is sane
configure:2206: result: yes
configure:2347: checking for a thread-safe mkdir -p
configure:2386: result: /bin/mkdir -p
configure:2399: checking for gawk
configure:2415: found /bin/gawk
configure:2426: result: gawk
configure:2437: checking whether make sets $(MAKE)
configure:2459: result: yes
configure:2595: checking for gcc
configure:2611: found /usr/bin/gcc
configure:2622: result: gcc
configure:2854: checking for C compiler version
configure:2862: gcc --version >&5
gcc (GCC) 4.4.7 20120313 (Red Hat 4.4.7-4)
Copyright (C) 2010 Free Software Foundation, Inc.
This is free software; see the source for copying conditions.  There is NO
warranty; not even for MERCHANTABILITY or FITNESS FOR A PARTICULAR PURPOSE.

configure:2866: $? = 0
configure:2873: gcc -v >&5
Using built-in specs.
Target: x86_64-redhat-linux
Configured with: ../configure --prefix=/usr --mandir=/usr/share/man --infodir=/usr/share/info --with-bugurl=http://bugzilla.redhat.com/bugzilla --enable-bootstrap --enable-shared --enable-threads=posix --enable-checking=release --with-system-zlib --enable-__cxa_atexit --disable-libunwind-exceptions --enable-gnu-unique-object --enable-languages=c,c++,objc,obj-c++,java,fortran,ada --enable-java-awt=gtk --disable-dssi --with-java-home=/usr/lib/jvm/java-1.5.0-gcj-1.5.0.0/jre --enable-libgcj-multifile --enable-java-maintainer-mode --with-ecj-jar=/usr/share/java/eclipse-ecj.jar --disable-libjava-multilib --with-ppl --with-cloog --with-tune=generic --with-arch_32=i686 --build=x86_64-redhat-linux
Thread model: posix
gcc version 4.4.7 20120313 (Red Hat 4.4.7-4) (GCC) 
configure:2877: $? = 0
configure:2884: gcc -V >&5
gcc: '-V' option must have argument
configure:2888: $? = 1
configure:2911: checking for C compiler default output file name
configure:2933: gcc    conftest.c  >&5
configure:2937: $? = 0
configure:2975: result: a.out
configure:2994: checking whether the C compiler works
configure:3004: ./a.out
configure:3008: $? = 0
configure:3027: result: yes
configure:3034: checking whether we are cross compiling
configure:3036: result: no
configure:3039: checking for suffix of executables
configure:3046: gcc -o conftest    conftest.c  >&5
configure:3050: $? = 0
configure:3076: result: 
configure:3082: checking for suffix of object files
configure:3108: gcc -c   conftest.c >&5
configure:3112: $? = 0
configure:3137: result: o
configure:3141: checking whether we are using the GNU C compiler
configure:3170: gcc -c   conftest.c >&5
configure:3177: $? = 0
configure:3194: result: yes
configure:3203: checking whether gcc accepts -g
configure:3233: gcc -c -g  conftest.c >&5
configure:3240: $? = 0
configure:3341: result: yes
configure:3358: checking for gcc option to accept ISO C89
configure:3432: gcc  -c -g -O2  conftest.c >&5
configure:3439: $? = 0
configure:3462: result: none needed
configure:3491: checking for style of include used by make
configure:3519: result: GNU
configure:3544: checking dependency style of gcc
configure:3654: result: gcc3
configure:3683: checking for a BSD-compatible install
configure:3751: result: /usr/bin/install -c
configure:3763: checking whether gcc and cc understand -c and -o together
configure:3798: gcc -c conftest.c -o conftest2.o >&5
configure:3802: $? = 0
configure:3808: gcc -c conftest.c -o conftest2.o >&5
configure:3812: $? = 0
configure:3823: cc -c conftest.c >&5
configure:3827: $? = 0
configure:3835: cc -c conftest.c -o conftest2.o >&5
configure:3839: $? = 0
configure:3845: cc -c conftest.c -o conftest2.o >&5
configure:3849: $? = 0
configure:3867: result: yes
configure:3937: checking for ranlib
configure:3953: found /usr/bin/ranlib
configure:3964: result: ranlib
configure:4017: checking build system type
configure:4035: result: x86_64-unknown-linux-gnu
configure:4057: checking host system type
configure:4072: result: x86_64-unknown-linux-gnu
configure:4094: checking for a sed that does not truncate output
configure:4160: result: /bin/sed
configure:4178: checking for grep that handles long lines and -e
configure:4238: result: /bin/grep
configure:4243: checking for egrep
configure:4307: result: /bin/grep -E
configure:4312: checking for fgrep
configure:4376: result: /bin/grep -F
configure:4411: checking for ld used by gcc
configure:4478: result: /usr/bin/ld
configure:4487: checking if the linker (/usr/bin/ld) is GNU ld
configure:4502: result: yes
configure:4514: checking for BSD- or MS-compatible name lister (nm)
configure:4563: result: /usr/bin/nm -B
configure:4681: checking the name lister (/usr/bin/nm -B) interface
configure:4688: gcc -c -g -O2  conftest.c >&5
configure:4691: /usr/bin/nm -B "conftest.o"
configure:4694: output
0000000000000000 B some_variable
configure:4701: result: BSD nm
configure:4704: checking whether ln -s works
configure:4708: result: yes
configure:4716: checking the maximum length of command line arguments
configure:4836: result: 1966080
configure:4853: checking whether the shell understands some XSI constructs
configure:4863: result: yes
configure:4867: checking whether the shell understands "+="
configure:4873: result: yes
configure:4908: checking for /usr/bin/ld option to reload object files
configure:4915: result: -r
configure:4984: checking for objdump
configure:5000: found /usr/bin/objdump
configure:5011: result: objdump
configure:5043: checking how to recognize dependent libraries
configure:5239: result: pass_all
configure:5299: checking for ar
configure:5315: found /usr/bin/ar
configure:5326: result: ar
configure:5404: checking for strip
configure:5420: found /usr/bin/strip
configure:5431: result: strip
configure:5503: checking for ranlib
configure:5530: result: ranlib
configure:5620: checking command to parse /usr/bin/nm -B output from gcc object
configure:5738: gcc -c -g -O2  conftest.c >&5
configure:5741: $? = 0
configure:5745: /usr/bin/nm -B conftest.o \| sed -n -e 's/^.*[	 ]\([ABCDGIRSTW][ABCDGIRSTW]*\)[	 ][	 ]*\([_A-Za-z][_A-Za-z0-9]*\)$/\1 \2 \2/p' \> conftest.nm
configure:5748: $? = 0
configure:5802: gcc -o conftest -g -O2   conftest.c conftstm.o >&5
configure:5805: $? = 0
configure:5843: result: ok
configure:5939: gcc -c -g -O2  conftest.c >&5
configure:5942: $? = 0
configure:6710: checking how to run the C preprocessor
configure:6750: gcc -E  conftest.c
configure:6757: $? = 0
configure:6788: gcc -E  conftest.c
conftest.c:10:28: error: ac_nonexistent.h: No such file or directory
configure:6795: $? = 1
configure: failed program was:
| /* confdefs.h.  */
| #define PACKAGE_NAME "darkside"
| #define PACKAGE_TARNAME "darkside"
| #define PACKAGE_VERSION "0.0.1"
| #define PACKAGE_STRING "darkside 0.0.1"
| #define PACKAGE_BUGREPORT "yamauchi@matrixjpn.com"
| #define PACKAGE "darkside"
| #define VERSION "0.0.1"
| /* end confdefs.h.  */
| #include <ac_nonexistent.h>
configure:6828: result: gcc -E
configure:6857: gcc -E  conftest.c
configure:6864: $? = 0
configure:6895: gcc -E  conftest.c
conftest.c:10:28: error: ac_nonexistent.h: No such file or directory
configure:6902: $? = 1
configure: failed program was:
| /* confdefs.h.  */
| #define PACKAGE_NAME "darkside"
| #define PACKAGE_TARNAME "darkside"
| #define PACKAGE_VERSION "0.0.1"
| #define PACKAGE_STRING "darkside 0.0.1"
| #define PACKAGE_BUGREPORT "yamauchi@matrixjpn.com"
| #define PACKAGE "darkside"
| #define VERSION "0.0.1"
| /* end confdefs.h.  */
| #include <ac_nonexistent.h>
configure:6942: checking for ANSI C header files
configure:6972: gcc -c -g -O2  conftest.c >&5
configure:6979: $? = 0
configure:7078: gcc -o conftest -g -O2   conftest.c  >&5
configure:7082: $? = 0
configure:7088: ./conftest
configure:7092: $? = 0
configure:7110: result: yes
configure:7134: checking for sys/types.h
configure:7155: gcc -c -g -O2  conftest.c >&5
configure:7162: $? = 0
configure:7179: result: yes
configure:7134: checking for sys/stat.h
configure:7155: gcc -c -g -O2  conftest.c >&5
configure:7162: $? = 0
configure:7179: result: yes
configure:7134: checking for stdlib.h
configure:7155: gcc -c -g -O2  conftest.c >&5
configure:7162: $? = 0
configure:7179: result: yes
configure:7134: checking for string.h
configure:7155: gcc -c -g -O2  conftest.c >&5
configure:7162: $? = 0
configure:7179: result: yes
configure:7134: checking for memory.h
configure:7155: gcc -c -g -O2  conftest.c >&5
configure:7162: $? = 0
configure:7179: result: yes
configure:7134: checking for strings.h
configure:7155: gcc -c -g -O2  conftest.c >&5
configure:7162: $? = 0
configure:7179: result: yes
configure:7134: checking for inttypes.h
configure:7155: gcc -c -g -O2  conftest.c >&5
configure:7162: $? = 0
configure:7179: result: yes
configure:7134: checking for stdint.h
configure:7155: gcc -c -g -O2  conftest.c >&5
configure:7162: $? = 0
configure:7179: result: yes
configure:7134: checking for unistd.h
configure:7155: gcc -c -g -O2  conftest.c >&5
configure:7162: $? = 0
configure:7179: result: yes
configure:7197: checking for dlfcn.h
configure:7218: gcc -c -g -O2  conftest.c >&5
configure:7225: $? = 0
configure:7242: result: yes
configure:7428: checking for objdir
configure:7443: result: .libs
configure:7735: checking if gcc supports -fno-rtti -fno-exceptions
configure:7753: gcc -c -g -O2  -fno-rtti -fno-exceptions conftest.c >&5
cc1: warning: command line option "-fno-rtti" is valid for C++/ObjC++ but not for C
configure:7757: $? = 0
configure:7770: result: no
configure:7790: checking for gcc option to produce PIC
configure:8062: result: -fPIC -DPIC
configure:8074: checking if gcc PIC flag -fPIC -DPIC works
configure:8092: gcc -c -g -O2  -fPIC -DPIC -DPIC conftest.c >&5
configure:8096: $? = 0
configure:8109: result: yes
configure:8133: checking if gcc static flag -static works
configure:8161: result: no
configure:8176: checking if gcc supports -c -o file.o
configure:8197: gcc -c -g -O2  -o out/conftest2.o conftest.c >&5
configure:8201: $? = 0
configure:8223: result: yes
configure:8231: checking if gcc supports -c -o file.o
configure:8278: result: yes
configure:8311: checking whether the gcc linker (/usr/bin/ld -m elf_x86_64) supports shared libraries
configure:9385: result: yes
configure:9422: checking whether -lc should be explicitly linked in
configure:9427: gcc -c -g -O2  conftest.c >&5
configure:9430: $? = 0
configure:9445: gcc -shared conftest.o  -v -Wl,-soname -Wl,conftest -o conftest 2\>\&1 \| /bin/grep  -lc  \>/dev/null 2\>\&1
configure:9448: $? = 0
configure:9460: result: no
configure:9624: checking dynamic linker characteristics
configure:10067: gcc -o conftest -g -O2   -Wl,-rpath -Wl,/foo conftest.c  >&5
configure:10074: $? = 0
configure:10310: result: GNU/Linux ld.so
configure:10412: checking how to hardcode library paths into programs
configure:10437: result: immediate
configure:11270: checking whether stripping libraries is possible
configure:11275: result: yes
configure:11310: checking if libtool supports shared libraries
configure:11312: result: yes
configure:11315: checking whether to build shared libraries
configure:11336: result: yes
configure:11339: checking whether to build static libraries
configure:11343: result: yes
configure:11381: checking for main in -lcpg
configure:11410: gcc -o conftest -g -O2   conftest.c -lcpg   >&5
configure:11417: $? = 0
configure:11438: result: yes
configure:11453: checking for size_t
configure:11481: gcc -c -g -O2  conftest.c >&5
configure:11488: $? = 0
configure:11515: gcc -c -g -O2  conftest.c >&5
conftest.c: In function 'main':
conftest.c:59: error: expected expression before ')' token
configure:11522: $? = 1
configure: failed program was:
| /* confdefs.h.  */
| #define PACKAGE_NAME "darkside"
| #define PACKAGE_TARNAME "darkside"
| #define PACKAGE_VERSION "0.0.1"
| #define PACKAGE_STRING "darkside 0.0.1"
| #define PACKAGE_BUGREPORT "yamauchi@matrixjpn.com"
| #define PACKAGE "darkside"
| #define VERSION "0.0.1"
| #define STDC_HEADERS 1
| #define HAVE_SYS_TYPES_H 1
| #define HAVE_SYS_STAT_H 1
| #define HAVE_STDLIB_H 1
| #define HAVE_STRING_H 1
| #define HAVE_MEMORY_H 1
| #define HAVE_STRINGS_H 1
| #define HAVE_INTTYPES_H 1
| #define HAVE_STDINT_H 1
| #define HAVE_UNISTD_H 1
| #define HAVE_DLFCN_H 1
| #define LT_OBJDIR ".libs/"
| #define HAVE_LIBCPG 1
| /* end confdefs.h.  */
| #include <stdio.h>
| #ifdef HAVE_SYS_TYPES_H
| # include <sys/types.h>
| #endif
| #ifdef HAVE_SYS_STAT_H
| # include <sys/stat.h>
| #endif
| #ifdef STDC_HEADERS
| # include <stdlib.h>
| # include <stddef.h>
| #else
| # ifdef HAVE_STDLIB_H
| #  include <stdlib.h>
| # endif
| #endif
| #ifdef HAVE_STRING_H
| # if !defined STDC_HEADERS && defined HAVE_MEMORY_H
| #  include <memory.h>
| # endif
| # include <string.h>
| #endif
| #ifdef HAVE_STRINGS_H
| # include <strings.h>
| #endif
| #ifdef HAVE_INTTYPES_H
| # include <inttypes.h>
| #endif
| #ifdef HAVE_STDINT_H
| # include <stdint.h>
| #endif
| #ifdef HAVE_UNISTD_H
| # include <unistd.h>
| #endif
| int
| main ()
| {
| if (sizeof ((size_t)))
| 	  return 0;
|   ;
|   return 0;
| }
configure:11545: result: yes
configure:11558: checking for uint32_t
configure:11589: gcc -c -g -O2  conftest.c >&5
configure:11596: $? = 0
configure:11617: result: yes
configure:11763: creating ./config.status

## ---------------------- ##
## Running config.status. ##
## ---------------------- ##

This file was extended by darkside config.status 0.0.1, which was
generated by GNU Autoconf 2.63.  Invocation command line was

  CONFIG_FILES    = 
  CONFIG_HEADERS  = 
  CONFIG_LINKS    = 
  CONFIG_COMMANDS = 
  $ ./config.status 

on snmp1

config.status:986: creating Makefile
config.status:986: creating src/Makefile
config.status:986: creating src/lib/Makefile
config.status:986: creating config.h
config.status:1208: config.h is unchanged
config.status:1260: executing depfiles commands
config.status:1260: executing libtool commands

## ---------------- ##
## Cache variables. ##
## ---------------- ##

ac_cv_build=x86_64-unknown-linux-gnu
ac_cv_c_compiler_gnu=yes
ac_cv_c_uint32_t=yes
ac_cv_env_CC_set=
ac_cv_env_CC_value=
ac_cv_env_CFLAGS_set=
ac_cv_env_CFLAGS_value=
ac_cv_env_CPPFLAGS_set=
ac_cv_env_CPPFLAGS_value=
ac_cv_env_CPP_set=
ac_cv_env_CPP_value=
ac_cv_env_LDFLAGS_set=
ac_cv_env_LDFLAGS_value=
ac_cv_env_LIBS_set=
ac_cv_env_LIBS_value=
ac_cv_env_build_alias_set=
ac_cv_env_build_alias_value=
ac_cv_env_host_alias_set=
ac_cv_env_host_alias_value=
ac_cv_env_target_alias_set=
ac_cv_env_target_alias_value=
ac_cv_header_dlfcn_h=yes
ac_cv_header_inttypes_h=yes
ac_cv_header_memory_h=yes
ac_cv_header_stdc=yes
ac_cv_header_stdint_h=yes
ac_cv_header_stdlib_h=yes
ac_cv_header_string_h=yes
ac_cv_header_strings_h=yes
ac_cv_header_sys_stat_h=yes
ac_cv_header_sys_types_h=yes
ac_cv_header_unistd_h=yes
ac_cv_host=x86_64-unknown-linux-gnu
ac_cv_lib_cpg_main=yes
ac_cv_objext=o
ac_cv_path_EGREP='/bin/grep -E'
ac_cv_path_FGREP='/bin/grep -F'
ac_cv_path_GREP=/bin/grep
ac_cv_path_SED=/bin/sed
ac_cv_path_install='/usr/bin/install -c'
ac_cv_path_mkdir=/bin/mkdir
ac_cv_prog_AWK=gawk
ac_cv_prog_CPP='gcc -E'
ac_cv_prog_ac_ct_AR=ar
ac_cv_prog_ac_ct_CC=gcc
ac_cv_prog_ac_ct_OBJDUMP=objdump
ac_cv_prog_ac_ct_RANLIB=ranlib
ac_cv_prog_ac_ct_STRIP=strip
ac_cv_prog_cc_c89=
ac_cv_prog_cc_g=yes
ac_cv_prog_cc_gcc_c_o=yes
ac_cv_prog_make_make_set=yes
ac_cv_type_size_t=yes
am_cv_CC_dependencies_compiler_type=gcc3
lt_cv_deplibs_check_method=pass_all
lt_cv_file_magic_cmd='$MAGIC_CMD'
lt_cv_file_magic_test_file=
lt_cv_ld_reload_flag=-r
lt_cv_nm_interface='BSD nm'
lt_cv_objdir=.libs
lt_cv_path_LD=/usr/bin/ld
lt_cv_path_NM='/usr/bin/nm -B'
lt_cv_prog_compiler_c_o=yes
lt_cv_prog_compiler_pic_works=yes
lt_cv_prog_compiler_rtti_exceptions=no
lt_cv_prog_compiler_static_works=no
lt_cv_prog_gnu_ld=yes
lt_cv_sys_global_symbol_pipe='sed -n -e '\''s/^.*[	 ]\([ABCDGIRSTW][ABCDGIRSTW]*\)[	 ][	 ]*\([_A-Za-z][_A-Za-z0-9]*\)$/\1 \2 \2/p'\'''
lt_cv_sys_global_symbol_to_c_name_address='sed -n -e '\''s/^: \([^ ]*\) $/  {\"\1\", (void *) 0},/p'\'' -e '\''s/^[ABCDGIRSTW]* \([^ ]*\) \([^ ]*\)$/  {"\2", (void *) \&\2},/p'\'''
lt_cv_sys_global_symbol_to_c_name_address_lib_prefix='sed -n -e '\''s/^: \([^ ]*\) $/  {\"\1\", (void *) 0},/p'\'' -e '\''s/^[ABCDGIRSTW]* \([^ ]*\) \(lib[^ ]*\)$/  {"\2", (void *) \&\2},/p'\'' -e '\''s/^[ABCDGIRSTW]* \([^ ]*\) \([^ ]*\)$/  {"lib\2", (void *) \&\2},/p'\'''
lt_cv_sys_global_symbol_to_cdecl='sed -n -e '\''s/^T .* \(.*\)$/extern int \1();/p'\'' -e '\''s/^[ABCDGIRSTW]* .* \(.*\)$/extern char \1;/p'\'''
lt_cv_sys_max_cmd_len=1966080

## ----------------- ##
## Output variables. ##
## ----------------- ##

ACLOCAL='${SHELL} /root/DarkSide/missing --run aclocal-1.11'
AMDEPBACKSLASH='\'
AMDEP_FALSE='#'
AMDEP_TRUE=''
AMTAR='${SHELL} /root/DarkSide/missing --run tar'
AR='ar'
AUTOCONF='${SHELL} /root/DarkSide/missing --run autoconf'
AUTOHEADER='${SHELL} /root/DarkSide/missing --run autoheader'
AUTOMAKE='${SHELL} /root/DarkSide/missing --run automake-1.11'
AWK='gawk'
CC='gcc'
CCDEPMODE='depmode=gcc3'
CFLAGS='-g -O2'
CPP='gcc -E'
CPPFLAGS=''
CYGPATH_W='echo'
DEFS='-DHAVE_CONFIG_H'
DEPDIR='.deps'
DSYMUTIL=''
DUMPBIN=''
ECHO_C=''
ECHO_N='-n'
ECHO_T=''
EGREP='/bin/grep -E'
EXEEXT=''
FGREP='/bin/grep -F'
GREP='/bin/grep'
INSTALL_DATA='${INSTALL} -m 644'
INSTALL_PROGRAM='${INSTALL}'
INSTALL_SCRIPT='${INSTALL}'
INSTALL_STRIP_PROGRAM='$(install_sh) -c -s'
LD='/usr/bin/ld -m elf_x86_64'
LDFLAGS=''
LIBOBJS=''
LIBS='-lcpg '
LIBTOOL='$(SHELL) $(top_builddir)/libtool'
LIPO=''
LN_S='ln -s'
LTLIBOBJS=''
MAKEINFO='${SHELL} /root/DarkSide/missing --run makeinfo'
MKDIR_P='/bin/mkdir -p'
NM='/usr/bin/nm -B'
NMEDIT=''
OBJDUMP='objdump'
OBJEXT='o'
OTOOL64=''
OTOOL=''
PACKAGE='darkside'
PACKAGE_BUGREPORT='yamauchi@matrixjpn.com'
PACKAGE_NAME='darkside'
PACKAGE_STRING='darkside 0.0.1'
PACKAGE_TARNAME='darkside'
PACKAGE_VERSION='0.0.1'
PATH_SEPARATOR=':'
RANLIB='ranlib'
SED='/bin/sed'
SET_MAKE=''
SHELL='/bin/sh'
STRIP='strip'
VERSION='0.0.1'
ac_ct_CC='gcc'
ac_ct_DUMPBIN=''
am__EXEEXT_FALSE=''
am__EXEEXT_TRUE='#'
am__fastdepCC_FALSE='#'
am__fastdepCC_TRUE=''
am__include='include'
am__isrc=''
am__leading_dot='.'
am__quote=''
am__tar='${AMTAR} chof - "$$tardir"'
am__untar='${AMTAR} xf -'
bindir='${exec_prefix}/bin'
build='x86_64-unknown-linux-gnu'
build_alias=''
build_cpu='x86_64'
build_os='linux-gnu'
build_vendor='unknown'
datadir='${datarootdir}'
datarootdir='${prefix}/share'
docdir='${datarootdir}/doc/${PACKAGE_TARNAME}'
dvidir='${docdir}'
exec_prefix='${prefix}'
host='x86_64-unknown-linux-gnu'
host_alias=''
host_cpu='x86_64'
host_os='linux-gnu'
host_vendor='unknown'
htmldir='${docdir}'
includedir='${prefix}/include'
infodir='${datarootdir}/info'
install_sh='${SHELL} /root/DarkSide/install-sh'
libdir='${exec_prefix}/lib'
libexecdir='${exec_prefix}/libexec'
localedir='${datarootdir}/locale'
localstatedir='${prefix}/var'
lt_ECHO='echo'
mandir='${datarootdir}/man'
mkdir_p='/bin/mkdir -p'
oldincludedir='/usr/include'
pdfdir='${docdir}'
prefix='/usr/local'
program_transform_name='s,x,x,'
psdir='${docdir}'
sbindir='${exec_prefix}/sbin'
sharedstatedir='${prefix}/com'
sysconfdir='${prefix}/etc'
target_alias=''

## ----------- ##
## confdefs.h. ##
## ----------- ##

#define PACKAGE_NAME "darkside"
#define PACKAGE_TARNAME "darkside"
#define PACKAGE_VERSION "0.0.1"
#define PACKAGE_STRING "darkside 0.0.1"
#define PACKAGE_BUGREPORT "yamauchi@matrixjpn.com"
#define PACKAGE "darkside"
#define VERSION "0.0.1"
#define STDC_HEADERS 1
#define HAVE_SYS_TYPES_H 1
#define HAVE_SYS_STAT_H 1
#define HAVE_STDLIB_H 1
#define HAVE_STRING_H 1
#define HAVE_MEMORY_H 1
#define HAVE_STRINGS_H 1
#define HAVE_INTTYPES_H 1
#define HAVE_STDINT_H 1
#define HAVE_UNISTD_H 1
#define HAVE_DLFCN_H 1
#define LT_OBJDIR ".libs/"
#define HAVE_LIBCPG 1

configure: exit 0

## ---------------------- ##
## Running config.status. ##
## ---------------------- ##

This file was extended by darkside config.status 0.0.1, which was
generated by GNU Autoconf 2.63.  Invocation command line was

  CONFIG_FILES    = 
  CONFIG_HEADERS  = 
  CONFIG_LINKS    = 
  CONFIG_COMMANDS = 
  $ ./config.status config.h

on snmp1

config.status:986: creating config.h
config.status:1208: config.h is unchanged
